\BOOKMARK [-1][-]{part.1}{I }{}% 1
\BOOKMARK [0][-]{chapter.1}{Introduction}{part.1}% 2
\BOOKMARK [1][-]{section.1.1}{Objectives}{chapter.1}% 3
\BOOKMARK [0][-]{chapter.2}{Background}{part.1}% 4
\BOOKMARK [1][-]{section.2.1}{Self reflection}{chapter.2}% 5
\BOOKMARK [1][-]{section.2.2}{Provided Data}{chapter.2}% 6
\BOOKMARK [1][-]{section.2.3}{Native Visualization}{chapter.2}% 7
\BOOKMARK [1][-]{section.2.4}{Hardware and Software}{chapter.2}% 8
\BOOKMARK [-1][-]{part.2}{II }{}% 9
\BOOKMARK [0][-]{chapter.3}{Development andImplementation}{part.2}% 10
\BOOKMARK [1][-]{section.3.1}{Paper Prototype}{chapter.3}% 11
\BOOKMARK [1][-]{section.3.2}{Time Schedule}{chapter.3}% 12
\BOOKMARK [1][-]{section.3.3}{Basic Layout}{chapter.3}% 13
\BOOKMARK [1][-]{section.3.4}{Data Management}{chapter.3}% 14
\BOOKMARK [1][-]{section.3.5}{Mapview}{chapter.3}% 15
\BOOKMARK [1][-]{section.3.6}{Chartview}{chapter.3}% 16
\BOOKMARK [1][-]{section.3.7}{Timeline}{chapter.3}% 17
\BOOKMARK [0][-]{chapter.4}{Evaluation}{part.2}% 18
\BOOKMARK [-1][-]{part.3}{III }{}% 19
\BOOKMARK [0][-]{chapter.5}{Conclusion}{part.3}% 20
\BOOKMARK [1][-]{section.5.1}{Review}{chapter.5}% 21
\BOOKMARK [0][-]{section*.5}{Appendices}{part.3}% 22
\BOOKMARK [0][-]{appendix.A}{Bibliography}{part.3}% 23
